Compiled jquery.js  (1ms)  (pid 4119)
Compiled jquery_ujs.js  (0ms)  (pid 4119)
Compiled jquery.js  (1ms)  (pid 4261)
Compiled jquery_ujs.js  (0ms)  (pid 4261)
Compiled jquery.js  (1ms)  (pid 4268)
Compiled jquery_ujs.js  (0ms)  (pid 4268)
Compiled jquery.js  (1ms)  (pid 4283)
Compiled jquery_ujs.js  (0ms)  (pid 4283)
Compiled cufon-yui.js  (0ms)  (pid 4283)
Compiled jquery.min.js  (1ms)  (pid 4283)
Compiled application.js  (36ms)  (pid 4283)
Compiled style.css  (0ms)  (pid 4283)
Compiled application.css  (5ms)  (pid 4283)
Compiled jquery.js  (2ms)  (pid 4283)
Compiled jquery_ujs.js  (0ms)  (pid 4283)
Compiled cufon-yui.js  (0ms)  (pid 4283)
Compiled jquery.min.js  (1ms)  (pid 4283)
Compiled application.js  (38ms)  (pid 4283)
Compiled style.css  (0ms)  (pid 4283)
Compiled application.css  (4ms)  (pid 4283)
Compiled jquery.js  (1ms)  (pid 4421)
Compiled jquery_ujs.js  (0ms)  (pid 4421)
Compiled cufon-yui.js  (0ms)  (pid 4421)
Compiled jquery.min.js  (1ms)  (pid 4421)
Compiled application.js  (38ms)  (pid 4421)
Compiled style.css  (0ms)  (pid 4421)
Compiled application.css  (5ms)  (pid 4421)
Compiled jquery.js  (1ms)  (pid 4421)
Compiled jquery_ujs.js  (0ms)  (pid 4421)
Compiled cufon-yui.js  (0ms)  (pid 4421)
Compiled jquery.min.js  (1ms)  (pid 4421)
Compiled application.js  (37ms)  (pid 4421)
Compiled style.css  (0ms)  (pid 4421)
Compiled application.css  (8ms)  (pid 4421)
Compiled jquery.js  (1ms)  (pid 4473)
Compiled jquery_ujs.js  (0ms)  (pid 4473)
Compiled cufon-yui.js  (0ms)  (pid 4473)
Compiled jquery.min.js  (1ms)  (pid 4473)
Compiled application.js  (37ms)  (pid 4473)
Compiled style.css  (0ms)  (pid 4473)
Compiled application.css  (4ms)  (pid 4473)
Compiled jquery.js  (1ms)  (pid 4473)
Compiled jquery_ujs.js  (0ms)  (pid 4473)
Compiled cufon-yui.js  (0ms)  (pid 4473)
Compiled jquery.min.js  (1ms)  (pid 4473)
Compiled application.js  (35ms)  (pid 4473)
Compiled style.css  (0ms)  (pid 4473)
Compiled application.css  (5ms)  (pid 4473)
Compiled jquery.js  (2ms)  (pid 4530)
Compiled jquery_ujs.js  (0ms)  (pid 4530)
Compiled cufon-yui.js  (0ms)  (pid 4530)
Compiled jquery.min.js  (1ms)  (pid 4530)
Compiled application.js  (41ms)  (pid 4530)
Compiled style.css  (0ms)  (pid 4530)
Compiled application.css  (6ms)  (pid 4530)
Compiled jquery.js  (1ms)  (pid 4530)
Compiled jquery_ujs.js  (0ms)  (pid 4530)
Compiled cufon-yui.js  (0ms)  (pid 4530)
Compiled jquery.min.js  (1ms)  (pid 4530)
Compiled application.js  (37ms)  (pid 4530)
Compiled style.css  (0ms)  (pid 4530)
Compiled application.css  (7ms)  (pid 4530)
Compiled jquery.js  (1ms)  (pid 3629)
Compiled jquery_ujs.js  (0ms)  (pid 3629)
Compiled cufon-yui.js  (0ms)  (pid 3629)
Compiled jquery.min.js  (1ms)  (pid 3629)
Compiled application.js  (120ms)  (pid 3629)
Compiled style.css  (0ms)  (pid 3629)
Compiled application.css  (6ms)  (pid 3629)
Compiled jquery.js  (1ms)  (pid 3629)
Compiled jquery_ujs.js  (0ms)  (pid 3629)
Compiled cufon-yui.js  (0ms)  (pid 3629)
Compiled jquery.min.js  (1ms)  (pid 3629)
Compiled application.js  (35ms)  (pid 3629)
Compiled style.css  (0ms)  (pid 3629)
Compiled application.css  (5ms)  (pid 3629)
Compiled jquery.js  (1ms)  (pid 3975)
Compiled jquery_ujs.js  (0ms)  (pid 3975)
Compiled cufon-yui.js  (0ms)  (pid 3975)
Compiled jquery.min.js  (1ms)  (pid 3975)
Compiled application.js  (35ms)  (pid 3975)
Compiled style.css  (0ms)  (pid 3975)
Compiled application.css  (8ms)  (pid 3975)
Compiled jquery.js  (1ms)  (pid 3975)
Compiled jquery_ujs.js  (0ms)  (pid 3975)
Compiled cufon-yui.js  (0ms)  (pid 3975)
Compiled jquery.min.js  (1ms)  (pid 3975)
Compiled application.js  (34ms)  (pid 3975)
Compiled style.css  (0ms)  (pid 3975)
Compiled application.css  (4ms)  (pid 3975)
Compiled jquery.js  (1ms)  (pid 4793)
Compiled jquery_ujs.js  (0ms)  (pid 4793)
Compiled cufon-yui.js  (0ms)  (pid 4793)
Compiled jquery.min.js  (1ms)  (pid 4793)
Compiled application.js  (36ms)  (pid 4793)
Compiled style.css  (0ms)  (pid 4793)
Compiled application.css  (10ms)  (pid 4793)
Compiled jquery.js  (1ms)  (pid 4793)
Compiled jquery_ujs.js  (0ms)  (pid 4793)
Compiled cufon-yui.js  (0ms)  (pid 4793)
Compiled jquery.min.js  (1ms)  (pid 4793)
Compiled application.js  (35ms)  (pid 4793)
Compiled style.css  (0ms)  (pid 4793)
Compiled application.css  (4ms)  (pid 4793)
Compiled jquery.js  (1ms)  (pid 4956)
Compiled jquery_ujs.js  (0ms)  (pid 4956)
Compiled cufon-yui.js  (0ms)  (pid 4956)
Compiled jquery.min.js  (1ms)  (pid 4956)
Compiled application.js  (35ms)  (pid 4956)
Compiled style.css  (0ms)  (pid 4956)
Compiled application.css  (5ms)  (pid 4956)
Compiled jquery.js  (1ms)  (pid 4956)
Compiled jquery_ujs.js  (0ms)  (pid 4956)
Compiled cufon-yui.js  (0ms)  (pid 4956)
Compiled jquery.min.js  (1ms)  (pid 4956)
Compiled application.js  (35ms)  (pid 4956)
Compiled style.css  (0ms)  (pid 4956)
Compiled application.css  (4ms)  (pid 4956)
Compiled jquery.js  (1ms)  (pid 5061)
Compiled jquery_ujs.js  (0ms)  (pid 5061)
Compiled cufon-yui.js  (0ms)  (pid 5061)
Compiled jquery.min.js  (1ms)  (pid 5061)
Compiled application.js  (36ms)  (pid 5061)
Compiled style.css  (0ms)  (pid 5061)
Compiled application.css  (4ms)  (pid 5061)
Compiled jquery.js  (1ms)  (pid 5061)
Compiled jquery_ujs.js  (0ms)  (pid 5061)
Compiled cufon-yui.js  (0ms)  (pid 5061)
Compiled jquery.min.js  (1ms)  (pid 5061)
Compiled application.js  (37ms)  (pid 5061)
Compiled style.css  (0ms)  (pid 5061)
Compiled application.css  (4ms)  (pid 5061)
Compiled jquery.js  (2ms)  (pid 5141)
Compiled jquery_ujs.js  (0ms)  (pid 5141)
Compiled cufon-yui.js  (0ms)  (pid 5141)
Compiled jquery.min.js  (1ms)  (pid 5141)
Compiled application.js  (45ms)  (pid 5141)
Compiled style.css  (0ms)  (pid 5141)
Compiled application.css  (4ms)  (pid 5141)
Compiled jquery.js  (1ms)  (pid 5141)
Compiled jquery_ujs.js  (0ms)  (pid 5141)
Compiled cufon-yui.js  (0ms)  (pid 5141)
Compiled jquery.min.js  (1ms)  (pid 5141)
Compiled application.js  (34ms)  (pid 5141)
Compiled style.css  (0ms)  (pid 5141)
Compiled application.css  (8ms)  (pid 5141)
<<<<<<< HEAD
Compiled jquery.js  (1ms)  (pid 4586)
Compiled jquery_ujs.js  (0ms)  (pid 4586)
Compiled cufon-yui.js  (0ms)  (pid 4586)
Compiled jquery.min.js  (1ms)  (pid 4586)
Compiled application.js  (120ms)  (pid 4586)
Compiled style.css  (0ms)  (pid 4586)
Compiled application.css  (5ms)  (pid 4586)
Compiled jquery.js  (1ms)  (pid 4586)
Compiled jquery_ujs.js  (0ms)  (pid 4586)
Compiled cufon-yui.js  (0ms)  (pid 4586)
Compiled jquery.min.js  (1ms)  (pid 4586)
Compiled application.js  (36ms)  (pid 4586)
Compiled style.css  (0ms)  (pid 4586)
Compiled application.css  (4ms)  (pid 4586)
Compiled jquery.js  (2ms)  (pid 4626)
Compiled jquery_ujs.js  (0ms)  (pid 4626)
Compiled cufon-yui.js  (0ms)  (pid 4626)
Compiled jquery.min.js  (1ms)  (pid 4626)
Compiled application.js  (40ms)  (pid 4626)
Compiled style.css  (0ms)  (pid 4626)
Compiled application.css  (4ms)  (pid 4626)
Compiled jquery.js  (1ms)  (pid 4626)
Compiled jquery_ujs.js  (0ms)  (pid 4626)
Compiled cufon-yui.js  (0ms)  (pid 4626)
Compiled jquery.min.js  (1ms)  (pid 4626)
Compiled application.js  (35ms)  (pid 4626)
Compiled style.css  (0ms)  (pid 4626)
Compiled application.css  (5ms)  (pid 4626)
Compiled jquery.js  (1ms)  (pid 4682)
Compiled jquery_ujs.js  (0ms)  (pid 4682)
Compiled cufon-yui.js  (0ms)  (pid 4682)
Compiled jquery.min.js  (1ms)  (pid 4682)
Compiled application.js  (36ms)  (pid 4682)
Compiled style.css  (0ms)  (pid 4682)
Compiled application.css  (5ms)  (pid 4682)
Compiled jquery.js  (1ms)  (pid 4682)
Compiled jquery_ujs.js  (0ms)  (pid 4682)
Compiled cufon-yui.js  (0ms)  (pid 4682)
Compiled jquery.min.js  (1ms)  (pid 4682)
Compiled application.js  (35ms)  (pid 4682)
Compiled style.css  (0ms)  (pid 4682)
Compiled application.css  (6ms)  (pid 4682)
Compiled jquery.js  (1ms)  (pid 4740)
Compiled jquery_ujs.js  (0ms)  (pid 4740)
Compiled cufon-yui.js  (0ms)  (pid 4740)
Compiled jquery.min.js  (1ms)  (pid 4740)
Compiled application.js  (37ms)  (pid 4740)
Compiled style.css  (0ms)  (pid 4740)
Compiled application.css  (5ms)  (pid 4740)
Compiled jquery.js  (1ms)  (pid 4740)
Compiled jquery_ujs.js  (0ms)  (pid 4740)
Compiled cufon-yui.js  (0ms)  (pid 4740)
Compiled jquery.min.js  (1ms)  (pid 4740)
Compiled application.js  (36ms)  (pid 4740)
Compiled style.css  (0ms)  (pid 4740)
Compiled application.css  (7ms)  (pid 4740)
Compiled jquery.js  (1ms)  (pid 5269)
Compiled jquery_ujs.js  (0ms)  (pid 5269)
Compiled cufon-yui.js  (0ms)  (pid 5269)
Compiled jquery.min.js  (1ms)  (pid 5269)
Compiled application.js  (37ms)  (pid 5269)
Compiled style.css  (0ms)  (pid 5269)
Compiled application.css  (5ms)  (pid 5269)
Compiled jquery.js  (1ms)  (pid 5269)
Compiled jquery_ujs.js  (0ms)  (pid 5269)
Compiled cufon-yui.js  (0ms)  (pid 5269)
Compiled jquery.min.js  (1ms)  (pid 5269)
Compiled application.js  (36ms)  (pid 5269)
Compiled style.css  (0ms)  (pid 5269)
Compiled application.css  (5ms)  (pid 5269)
=======
Compiled jquery.js  (6ms)  (pid 16761)
Compiled jquery_ujs.js  (1ms)  (pid 16761)
Compiled cufon-yui.js  (1ms)  (pid 16761)
Compiled jquery.min.js  (4ms)  (pid 16761)
Compiled application.js  (153ms)  (pid 16761)
Compiled style.css  (1ms)  (pid 16761)
Compiled application.css  (24ms)  (pid 16761)
Compiled jquery.js  (6ms)  (pid 16761)
Compiled jquery_ujs.js  (1ms)  (pid 16761)
Compiled cufon-yui.js  (1ms)  (pid 16761)
Compiled jquery.min.js  (4ms)  (pid 16761)
Compiled application.js  (149ms)  (pid 16761)
Compiled style.css  (1ms)  (pid 16761)
Compiled application.css  (23ms)  (pid 16761)
Compiled jquery.js  (6ms)  (pid 19118)
Compiled jquery_ujs.js  (1ms)  (pid 19118)
Compiled cufon-yui.js  (1ms)  (pid 19118)
Compiled jquery.min.js  (4ms)  (pid 19118)
Compiled application.js  (157ms)  (pid 19118)
Compiled style.css  (1ms)  (pid 19118)
Compiled application.css  (28ms)  (pid 19118)
Compiled jquery.js  (6ms)  (pid 19118)
Compiled jquery_ujs.js  (1ms)  (pid 19118)
Compiled cufon-yui.js  (1ms)  (pid 19118)
Compiled jquery.min.js  (4ms)  (pid 19118)
Compiled application.js  (150ms)  (pid 19118)
Compiled style.css  (1ms)  (pid 19118)
Compiled application.css  (23ms)  (pid 19118)
Compiled jquery.js  (6ms)  (pid 20271)
Compiled jquery_ujs.js  (1ms)  (pid 20271)
Compiled cufon-yui.js  (1ms)  (pid 20271)
Compiled jquery.min.js  (4ms)  (pid 20271)
Compiled application.js  (153ms)  (pid 20271)
Compiled style.css  (1ms)  (pid 20271)
Compiled application.css  (24ms)  (pid 20271)
Compiled jquery.js  (6ms)  (pid 20271)
Compiled jquery_ujs.js  (1ms)  (pid 20271)
Compiled cufon-yui.js  (1ms)  (pid 20271)
Compiled jquery.min.js  (5ms)  (pid 20271)
Compiled application.js  (151ms)  (pid 20271)
Compiled style.css  (1ms)  (pid 20271)
Compiled application.css  (23ms)  (pid 20271)
Compiled jquery.js  (6ms)  (pid 20531)
Compiled jquery_ujs.js  (1ms)  (pid 20531)
Compiled cufon-yui.js  (1ms)  (pid 20531)
Compiled jquery.min.js  (4ms)  (pid 20531)
Compiled application.js  (153ms)  (pid 20531)
Compiled style.css  (1ms)  (pid 20531)
Compiled application.css  (25ms)  (pid 20531)
Compiled jquery.js  (6ms)  (pid 20531)
Compiled jquery_ujs.js  (1ms)  (pid 20531)
Compiled cufon-yui.js  (1ms)  (pid 20531)
Compiled jquery.min.js  (4ms)  (pid 20531)
Compiled application.js  (152ms)  (pid 20531)
Compiled style.css  (1ms)  (pid 20531)
Compiled application.css  (23ms)  (pid 20531)
Compiled jquery.js  (6ms)  (pid 20659)
Compiled jquery_ujs.js  (1ms)  (pid 20659)
Compiled cufon-yui.js  (1ms)  (pid 20659)
Compiled jquery.min.js  (4ms)  (pid 20659)
Compiled application.js  (153ms)  (pid 20659)
Compiled style.css  (1ms)  (pid 20659)
Compiled application.css  (24ms)  (pid 20659)
Compiled jquery.js  (6ms)  (pid 20659)
Compiled jquery_ujs.js  (1ms)  (pid 20659)
Compiled cufon-yui.js  (1ms)  (pid 20659)
Compiled jquery.min.js  (4ms)  (pid 20659)
Compiled application.js  (150ms)  (pid 20659)
Compiled style.css  (1ms)  (pid 20659)
Compiled application.css  (26ms)  (pid 20659)
Compiled jquery.js  (6ms)  (pid 20792)
Compiled jquery_ujs.js  (1ms)  (pid 20792)
Compiled cufon-yui.js  (1ms)  (pid 20792)
Compiled jquery.min.js  (4ms)  (pid 20792)
Compiled application.js  (153ms)  (pid 20792)
Compiled style.css  (1ms)  (pid 20792)
Compiled application.css  (42ms)  (pid 20792)
Compiled jquery.js  (6ms)  (pid 20792)
Compiled jquery_ujs.js  (1ms)  (pid 20792)
Compiled cufon-yui.js  (1ms)  (pid 20792)
Compiled jquery.min.js  (4ms)  (pid 20792)
Compiled application.js  (151ms)  (pid 20792)
Compiled style.css  (1ms)  (pid 20792)
Compiled application.css  (23ms)  (pid 20792)
Compiled jquery.js  (6ms)  (pid 20940)
Compiled jquery_ujs.js  (1ms)  (pid 20940)
Compiled cufon-yui.js  (1ms)  (pid 20940)
Compiled jquery.min.js  (5ms)  (pid 20940)
Compiled application.js  (154ms)  (pid 20940)
Compiled style.css  (1ms)  (pid 20940)
Compiled application.css  (24ms)  (pid 20940)
Compiled jquery.js  (6ms)  (pid 20940)
Compiled jquery_ujs.js  (1ms)  (pid 20940)
Compiled cufon-yui.js  (1ms)  (pid 20940)
Compiled jquery.min.js  (4ms)  (pid 20940)
Compiled application.js  (151ms)  (pid 20940)
Compiled style.css  (1ms)  (pid 20940)
Compiled application.css  (23ms)  (pid 20940)
Compiled jquery.js  (6ms)  (pid 21074)
Compiled jquery_ujs.js  (1ms)  (pid 21074)
Compiled cufon-yui.js  (1ms)  (pid 21074)
Compiled jquery.min.js  (4ms)  (pid 21074)
Compiled application.js  (154ms)  (pid 21074)
Compiled style.css  (1ms)  (pid 21074)
Compiled application.css  (24ms)  (pid 21074)
Compiled jquery.js  (6ms)  (pid 21074)
Compiled jquery_ujs.js  (1ms)  (pid 21074)
Compiled cufon-yui.js  (1ms)  (pid 21074)
Compiled jquery.min.js  (4ms)  (pid 21074)
Compiled application.js  (155ms)  (pid 21074)
Compiled style.css  (1ms)  (pid 21074)
Compiled application.css  (23ms)  (pid 21074)
Compiled jquery.js  (6ms)  (pid 21230)
Compiled jquery_ujs.js  (1ms)  (pid 21230)
Compiled cufon-yui.js  (1ms)  (pid 21230)
Compiled jquery.min.js  (4ms)  (pid 21230)
Compiled application.js  (173ms)  (pid 21230)
Compiled style.css  (1ms)  (pid 21230)
Compiled application.css  (24ms)  (pid 21230)
Compiled jquery.js  (6ms)  (pid 21230)
Compiled jquery_ujs.js  (1ms)  (pid 21230)
Compiled cufon-yui.js  (1ms)  (pid 21230)
Compiled jquery.min.js  (5ms)  (pid 21230)
Compiled application.js  (153ms)  (pid 21230)
Compiled style.css  (1ms)  (pid 21230)
Compiled application.css  (23ms)  (pid 21230)
Compiled jquery.js  (6ms)  (pid 21466)
Compiled jquery_ujs.js  (61ms)  (pid 21466)
Compiled cufon-yui.js  (1ms)  (pid 21466)
Compiled jquery.min.js  (5ms)  (pid 21466)
Compiled application.js  (158ms)  (pid 21466)
Compiled style.css  (1ms)  (pid 21466)
Compiled application.css  (25ms)  (pid 21466)
Compiled jquery.js  (6ms)  (pid 21466)
Compiled jquery_ujs.js  (1ms)  (pid 21466)
Compiled cufon-yui.js  (58ms)  (pid 21466)
Compiled jquery.min.js  (4ms)  (pid 21466)
Compiled application.js  (152ms)  (pid 21466)
Compiled style.css  (1ms)  (pid 21466)
Compiled application.css  (23ms)  (pid 21466)
>>>>>>> b360e8f792ec1a60f7324cb176dbe830dd8a2266
Compiled jquery.js  (1ms)  (pid 3847)
Compiled jquery_ujs.js  (0ms)  (pid 3847)
Compiled cufon-yui.js  (0ms)  (pid 3847)
Compiled fullcalendar.js  (1ms)  (pid 3847)
Compiled jquery.min.js  (1ms)  (pid 3847)
Compiled application.js  (147ms)  (pid 3847)
Compiled style.css  (0ms)  (pid 3847)
Compiled fullcalendar.css  (0ms)  (pid 3847)
Compiled fullcalendar.print.css  (0ms)  (pid 3847)
Compiled application.css  (71ms)  (pid 3847)
Compiled jquery.js  (1ms)  (pid 3847)
Compiled jquery_ujs.js  (0ms)  (pid 3847)
Compiled cufon-yui.js  (0ms)  (pid 3847)
Compiled fullcalendar.js  (1ms)  (pid 3847)
Compiled jquery.min.js  (1ms)  (pid 3847)
Compiled application.js  (43ms)  (pid 3847)
Compiled style.css  (0ms)  (pid 3847)
Compiled fullcalendar.css  (0ms)  (pid 3847)
Compiled fullcalendar.print.css  (0ms)  (pid 3847)
Compiled application.css  (13ms)  (pid 3847)
Compiled jquery.js  (1ms)  (pid 4798)
Compiled jquery_ujs.js  (0ms)  (pid 4798)
Compiled cufon-yui.js  (0ms)  (pid 4798)
Compiled fullcalendar.js  (2ms)  (pid 4798)
Compiled experiments.js  (848ms)  (pid 4798)
Compiled jquery.min.js  (21ms)  (pid 4798)
Compiled parties.js  (147ms)  (pid 4798)
Compiled places.js  (133ms)  (pid 4798)
Compiled reservations.js  (118ms)  (pid 4798)
Compiled application.js  (1726ms)  (pid 4798)
Compiled style.css  (0ms)  (pid 4798)
Compiled fullcalendar.css  (0ms)  (pid 4798)
Compiled fullcalendar.print.css  (0ms)  (pid 4798)
Compiled experiments.css  (76ms)  (pid 4798)
Compiled parties.css  (1ms)  (pid 4798)
Compiled places.css  (1ms)  (pid 4798)
Compiled reservations.css  (1ms)  (pid 4798)
Compiled scaffolds.css  (12ms)  (pid 4798)
Compiled application.css  (211ms)  (pid 4798)
Compiled jquery.js  (2ms)  (pid 4798)
Compiled jquery_ujs.js  (0ms)  (pid 4798)
Compiled cufon-yui.js  (0ms)  (pid 4798)
Compiled fullcalendar.js  (1ms)  (pid 4798)
Compiled experiments.js  (145ms)  (pid 4798)
Compiled jquery.min.js  (1ms)  (pid 4798)
Compiled parties.js  (121ms)  (pid 4798)
Compiled places.js  (122ms)  (pid 4798)
Compiled reservations.js  (119ms)  (pid 4798)
Compiled application.js  (937ms)  (pid 4798)
Compiled style.css  (0ms)  (pid 4798)
Compiled fullcalendar.css  (0ms)  (pid 4798)
Compiled fullcalendar.print.css  (0ms)  (pid 4798)
Compiled experiments.css  (7ms)  (pid 4798)
Compiled parties.css  (1ms)  (pid 4798)
Compiled places.css  (1ms)  (pid 4798)
Compiled reservations.css  (0ms)  (pid 4798)
Compiled scaffolds.css  (11ms)  (pid 4798)
Compiled application.css  (210ms)  (pid 4798)
Compiled jquery.js  (1ms)  (pid 5427)
Compiled jquery_ujs.js  (0ms)  (pid 5427)
Compiled cufon-yui.js  (0ms)  (pid 5427)
Compiled fullcalendar.js  (1ms)  (pid 5427)
Compiled experiments.js  (155ms)  (pid 5427)
Compiled jquery.min.js  (18ms)  (pid 5427)
Compiled parties.js  (119ms)  (pid 5427)
Compiled places.js  (117ms)  (pid 5427)
Compiled reservations.js  (123ms)  (pid 5427)
Compiled application.js  (710ms)  (pid 5427)
Compiled style.css  (0ms)  (pid 5427)
Compiled fullcalendar.css  (0ms)  (pid 5427)
Compiled fullcalendar.print.css  (0ms)  (pid 5427)
Compiled experiments.css  (23ms)  (pid 5427)
Compiled parties.css  (0ms)  (pid 5427)
Compiled places.css  (0ms)  (pid 5427)
Compiled reservations.css  (0ms)  (pid 5427)
Compiled scaffolds.css  (8ms)  (pid 5427)
Compiled application.css  (64ms)  (pid 5427)
Compiled jquery.js  (1ms)  (pid 5427)
Compiled jquery_ujs.js  (0ms)  (pid 5427)
Compiled cufon-yui.js  (0ms)  (pid 5427)
Compiled fullcalendar.js  (1ms)  (pid 5427)
Compiled experiments.js  (137ms)  (pid 5427)
Compiled jquery.min.js  (1ms)  (pid 5427)
Compiled parties.js  (118ms)  (pid 5427)
Compiled places.js  (120ms)  (pid 5427)
Compiled reservations.js  (124ms)  (pid 5427)
Compiled application.js  (591ms)  (pid 5427)
Compiled style.css  (0ms)  (pid 5427)
Compiled fullcalendar.css  (0ms)  (pid 5427)
Compiled fullcalendar.print.css  (0ms)  (pid 5427)
Compiled experiments.css  (5ms)  (pid 5427)
Compiled parties.css  (0ms)  (pid 5427)
Compiled places.css  (0ms)  (pid 5427)
Compiled reservations.css  (0ms)  (pid 5427)
Compiled scaffolds.css  (8ms)  (pid 5427)
Compiled application.css  (62ms)  (pid 5427)
Compiled jquery.js  (1ms)  (pid 5801)
Compiled jquery_ujs.js  (0ms)  (pid 5801)
Compiled cufon-yui.js  (0ms)  (pid 5801)
Compiled fullcalendar.js  (1ms)  (pid 5801)
Compiled experiments.js  (147ms)  (pid 5801)
Compiled jquery.min.js  (22ms)  (pid 5801)
Compiled parties.js  (116ms)  (pid 5801)
Compiled places.js  (130ms)  (pid 5801)
Compiled reservations.js  (132ms)  (pid 5801)
Compiled application.js  (633ms)  (pid 5801)
Compiled style.css  (0ms)  (pid 5801)
Compiled fullcalendar.css  (0ms)  (pid 5801)
Compiled fullcalendar.print.css  (0ms)  (pid 5801)
Compiled experiments.css  (23ms)  (pid 5801)
Compiled parties.css  (0ms)  (pid 5801)
Compiled places.css  (0ms)  (pid 5801)
Compiled reservations.css  (0ms)  (pid 5801)
Compiled scaffolds.css  (9ms)  (pid 5801)
Compiled application.css  (66ms)  (pid 5801)
Compiled gcal.js  (0ms)  (pid 5801)
Compiled jquery.js  (2ms)  (pid 5801)
Compiled jquery_ujs.js  (0ms)  (pid 5801)
Compiled cufon-yui.js  (0ms)  (pid 5801)
Compiled fullcalendar.js  (1ms)  (pid 5801)
Compiled experiments.js  (141ms)  (pid 5801)
Compiled jquery.min.js  (1ms)  (pid 5801)
Compiled parties.js  (118ms)  (pid 5801)
Compiled places.js  (122ms)  (pid 5801)
Compiled reservations.js  (129ms)  (pid 5801)
Compiled application.js  (600ms)  (pid 5801)
Compiled style.css  (0ms)  (pid 5801)
Compiled fullcalendar.css  (0ms)  (pid 5801)
Compiled fullcalendar.print.css  (0ms)  (pid 5801)
Compiled experiments.css  (8ms)  (pid 5801)
Compiled parties.css  (1ms)  (pid 5801)
Compiled places.css  (1ms)  (pid 5801)
Compiled reservations.css  (0ms)  (pid 5801)
Compiled scaffolds.css  (11ms)  (pid 5801)
Compiled application.css  (129ms)  (pid 5801)
Compiled gcal.js  (0ms)  (pid 5801)
Compiled jquery.js  (1ms)  (pid 6023)
Compiled jquery_ujs.js  (0ms)  (pid 6023)
Compiled cufon-yui.js  (0ms)  (pid 6023)
Compiled fullcalendar.js  (1ms)  (pid 6023)
Compiled gcal.js  (0ms)  (pid 6023)
Compiled experiments.js  (136ms)  (pid 6023)
Compiled jquery.min.js  (1ms)  (pid 6023)
Compiled parties.js  (121ms)  (pid 6023)
Compiled places.js  (119ms)  (pid 6023)
Compiled reservations.js  (178ms)  (pid 6023)
Compiled application.js  (658ms)  (pid 6023)
Compiled style.css  (0ms)  (pid 6023)
Compiled fullcalendar.css  (0ms)  (pid 6023)
Compiled fullcalendar.print.css  (0ms)  (pid 6023)
Compiled experiments.css  (5ms)  (pid 6023)
Compiled parties.css  (1ms)  (pid 6023)
Compiled places.css  (0ms)  (pid 6023)
Compiled reservations.css  (1ms)  (pid 6023)
Compiled scaffolds.css  (8ms)  (pid 6023)
Compiled application.css  (68ms)  (pid 6023)
Compiled jquery.js  (2ms)  (pid 6023)
Compiled jquery_ujs.js  (0ms)  (pid 6023)
Compiled cufon-yui.js  (0ms)  (pid 6023)
Compiled fullcalendar.js  (1ms)  (pid 6023)
Compiled gcal.js  (0ms)  (pid 6023)
Compiled experiments.js  (140ms)  (pid 6023)
Compiled jquery.min.js  (1ms)  (pid 6023)
Compiled parties.js  (116ms)  (pid 6023)
Compiled places.js  (127ms)  (pid 6023)
Compiled reservations.js  (127ms)  (pid 6023)
Compiled application.js  (604ms)  (pid 6023)
Compiled style.css  (0ms)  (pid 6023)
Compiled fullcalendar.css  (0ms)  (pid 6023)
Compiled fullcalendar.print.css  (0ms)  (pid 6023)
Compiled experiments.css  (6ms)  (pid 6023)
Compiled parties.css  (1ms)  (pid 6023)
Compiled places.css  (0ms)  (pid 6023)
Compiled reservations.css  (0ms)  (pid 6023)
Compiled scaffolds.css  (9ms)  (pid 6023)
Compiled application.css  (76ms)  (pid 6023)
Compiled jquery.js  (2ms)  (pid 5646)
Compiled jquery_ujs.js  (0ms)  (pid 5646)
Compiled cufon-yui.js  (0ms)  (pid 5646)
Compiled fullcalendar.js  (24ms)  (pid 5646)
Compiled gcal.js  (0ms)  (pid 5646)
Compiled clients.js  (2500ms)  (pid 5646)
Compiled experiments.js  (121ms)  (pid 5646)
Compiled jquery.min.js  (1ms)  (pid 5646)
Compiled parties.js  (117ms)  (pid 5646)
Compiled places.js  (126ms)  (pid 5646)
Compiled reservation_experiments.js  (131ms)  (pid 5646)
Compiled reservations.js  (139ms)  (pid 5646)
Compiled application.js  (4568ms)  (pid 5646)
Compiled style.css  (0ms)  (pid 5646)
Compiled fullcalendar.css  (0ms)  (pid 5646)
Compiled fullcalendar.print.css  (0ms)  (pid 5646)
Compiled clients.css  (73ms)  (pid 5646)
Compiled experiments.css  (1ms)  (pid 5646)
Compiled parties.css  (0ms)  (pid 5646)
Compiled places.css  (1ms)  (pid 5646)
Compiled reservation_experiments.css  (0ms)  (pid 5646)
Compiled reservations.css  (0ms)  (pid 5646)
Compiled scaffolds.css  (10ms)  (pid 5646)
Compiled application.css  (205ms)  (pid 5646)
Compiled jquery.js  (1ms)  (pid 5646)
Compiled jquery_ujs.js  (0ms)  (pid 5646)
Compiled cufon-yui.js  (0ms)  (pid 5646)
Compiled fullcalendar.js  (3ms)  (pid 5646)
Compiled gcal.js  (0ms)  (pid 5646)
Compiled clients.js  (168ms)  (pid 5646)
Compiled experiments.js  (129ms)  (pid 5646)
Compiled jquery.min.js  (3ms)  (pid 5646)
Compiled parties.js  (137ms)  (pid 5646)
Compiled places.js  (126ms)  (pid 5646)
Compiled reservation_experiments.js  (128ms)  (pid 5646)
Compiled reservations.js  (124ms)  (pid 5646)
Compiled application.js  (1342ms)  (pid 5646)
Compiled style.css  (0ms)  (pid 5646)
Compiled fullcalendar.css  (0ms)  (pid 5646)
Compiled fullcalendar.print.css  (0ms)  (pid 5646)
Compiled clients.css  (10ms)  (pid 5646)
Compiled experiments.css  (1ms)  (pid 5646)
Compiled parties.css  (0ms)  (pid 5646)
Compiled places.css  (0ms)  (pid 5646)
Compiled reservation_experiments.css  (2ms)  (pid 5646)
Compiled reservations.css  (1ms)  (pid 5646)
Compiled scaffolds.css  (9ms)  (pid 5646)
Compiled application.css  (152ms)  (pid 5646)
Compiled jquery.js  (1ms)  (pid 5812)
Compiled jquery_ujs.js  (0ms)  (pid 5812)
Compiled cufon-yui.js  (0ms)  (pid 5812)
Compiled fullcalendar.js  (18ms)  (pid 5812)
Compiled gcal.js  (0ms)  (pid 5812)
Compiled clients.js  (153ms)  (pid 5812)
Compiled experiments.js  (123ms)  (pid 5812)
Compiled jquery.min.js  (3ms)  (pid 5812)
Compiled parties.js  (123ms)  (pid 5812)
Compiled places.js  (126ms)  (pid 5812)
Compiled reservation_experiments.js  (133ms)  (pid 5812)
Compiled reservations.js  (129ms)  (pid 5812)
Compiled application.js  (914ms)  (pid 5812)
Compiled style.css  (0ms)  (pid 5812)
Compiled fullcalendar.css  (0ms)  (pid 5812)
Compiled fullcalendar.print.css  (0ms)  (pid 5812)
Compiled clients.css  (29ms)  (pid 5812)
Compiled experiments.css  (0ms)  (pid 5812)
Compiled parties.css  (1ms)  (pid 5812)
Compiled places.css  (1ms)  (pid 5812)
Compiled reservation_experiments.css  (0ms)  (pid 5812)
Compiled reservations.css  (1ms)  (pid 5812)
Compiled scaffolds.css  (16ms)  (pid 5812)
Compiled application.css  (103ms)  (pid 5812)
Compiled jquery.js  (1ms)  (pid 5812)
Compiled jquery_ujs.js  (0ms)  (pid 5812)
Compiled cufon-yui.js  (0ms)  (pid 5812)
Compiled fullcalendar.js  (1ms)  (pid 5812)
Compiled gcal.js  (0ms)  (pid 5812)
Compiled clients.js  (139ms)  (pid 5812)
Compiled experiments.js  (122ms)  (pid 5812)
Compiled jquery.min.js  (3ms)  (pid 5812)
Compiled parties.js  (136ms)  (pid 5812)
Compiled places.js  (117ms)  (pid 5812)
Compiled reservation_experiments.js  (122ms)  (pid 5812)
Compiled reservations.js  (122ms)  (pid 5812)
Compiled application.js  (853ms)  (pid 5812)
Compiled style.css  (0ms)  (pid 5812)
Compiled fullcalendar.css  (0ms)  (pid 5812)
Compiled fullcalendar.print.css  (0ms)  (pid 5812)
Compiled clients.css  (5ms)  (pid 5812)
Compiled experiments.css  (1ms)  (pid 5812)
Compiled parties.css  (0ms)  (pid 5812)
Compiled places.css  (0ms)  (pid 5812)
Compiled reservation_experiments.css  (0ms)  (pid 5812)
Compiled reservations.css  (0ms)  (pid 5812)
Compiled scaffolds.css  (8ms)  (pid 5812)
Compiled application.css  (71ms)  (pid 5812)
Compiled jquery.js  (1ms)  (pid 5971)
Compiled jquery_ujs.js  (0ms)  (pid 5971)
Compiled cufon-yui.js  (0ms)  (pid 5971)
Compiled fullcalendar.js  (17ms)  (pid 5971)
Compiled gcal.js  (0ms)  (pid 5971)
Compiled clients.js  (140ms)  (pid 5971)
Compiled experiments.js  (125ms)  (pid 5971)
Compiled jquery.min.js  (2ms)  (pid 5971)
Compiled parties.js  (131ms)  (pid 5971)
Compiled places.js  (127ms)  (pid 5971)
Compiled reservation_experiments.js  (117ms)  (pid 5971)
Compiled reservations.js  (123ms)  (pid 5971)
Compiled application.js  (881ms)  (pid 5971)
Compiled style.css  (0ms)  (pid 5971)
Compiled fullcalendar.css  (0ms)  (pid 5971)
Compiled fullcalendar.print.css  (0ms)  (pid 5971)
Compiled clients.css  (26ms)  (pid 5971)
Compiled experiments.css  (0ms)  (pid 5971)
Compiled parties.css  (0ms)  (pid 5971)
Compiled places.css  (0ms)  (pid 5971)
Compiled reservation_experiments.css  (0ms)  (pid 5971)
Compiled reservations.css  (0ms)  (pid 5971)
Compiled scaffolds.css  (8ms)  (pid 5971)
Compiled application.css  (75ms)  (pid 5971)
Compiled jquery.js  (1ms)  (pid 5971)
Compiled jquery_ujs.js  (0ms)  (pid 5971)
Compiled cufon-yui.js  (0ms)  (pid 5971)
Compiled fullcalendar.js  (1ms)  (pid 5971)
Compiled gcal.js  (0ms)  (pid 5971)
Compiled clients.js  (141ms)  (pid 5971)
Compiled experiments.js  (128ms)  (pid 5971)
Compiled jquery.min.js  (1ms)  (pid 5971)
Compiled parties.js  (134ms)  (pid 5971)
Compiled places.js  (123ms)  (pid 5971)
Compiled reservation_experiments.js  (126ms)  (pid 5971)
Compiled reservations.js  (153ms)  (pid 5971)
Compiled application.js  (905ms)  (pid 5971)
Compiled style.css  (0ms)  (pid 5971)
Compiled fullcalendar.css  (0ms)  (pid 5971)
Compiled fullcalendar.print.css  (0ms)  (pid 5971)
Compiled clients.css  (6ms)  (pid 5971)
Compiled experiments.css  (1ms)  (pid 5971)
Compiled parties.css  (0ms)  (pid 5971)
Compiled places.css  (0ms)  (pid 5971)
Compiled reservation_experiments.css  (0ms)  (pid 5971)
Compiled reservations.css  (1ms)  (pid 5971)
Compiled scaffolds.css  (8ms)  (pid 5971)
Compiled application.css  (79ms)  (pid 5971)
